1556829867563	mozrunner::runner	INFO	Running command: "C:\\Program Files\\Mozilla Firefox\\firefox.exe" "-marionette" "-foreground" "-no-remote" "-profile" "C:\\Users\\GUILHE~1.MAR\\AppData\\Local\\Temp\\rust_mozprofile.yERpG9c7DOze"
1556829869599	addons.webextension.screenshots@mozilla.org	WARN	Loading extension 'screenshots@mozilla.org': Reading manifest: Invalid extension permission: mozillaAddons
1556829869599	addons.webextension.screenshots@mozilla.org	WARN	Loading extension 'screenshots@mozilla.org': Reading manifest: Invalid extension permission: resource://pdf.js/
1556829869599	addons.webextension.screenshots@mozilla.org	WARN	Loading extension 'screenshots@mozilla.org': Reading manifest: Invalid extension permission: about:reader*
1556829873622	Marionette	INFO	Listening on port 55261
1556829873681	Marionette	WARN	TLS certificate errors will be ignored for this session
JavaScript error: , line 0: TypeError: NetworkError when attempting to fetch resource.
JavaScript error: https://sacola.submarino.com.br/simple-basket/the-cage.min-2.0.1.js, line 1: SyntaxError: JSON.parse: unexpected non-digit at line 1 column 2 of the JSON data
JavaScript error: https://sacola.submarino.com.br/simple-basket/the-cage.min-2.0.1.js, line 1: SyntaxError: JSON.parse: unexpected non-digit at line 1 column 2 of the JSON data
JavaScript error: https://sacola.submarino.com.br/simple-basket/the-cage.min-2.0.1.js, line 1: SyntaxError: JSON.parse: unexpected non-digit at line 1 column 2 of the JSON data
JavaScript error: https://sacola.submarino.com.br/simple-basket/the-cage.min-2.0.1.js, line 1: SyntaxError: JSON.parse: unexpected non-digit at line 1 column 2 of the JSON data
JavaScript error: https://statics-americanas.b2w.io/mktacom/beacon/beacon.js, line 1: NS_ERROR_FAILURE: 
JavaScript error: https://statics-americanas.b2w.io/mktacom/beacon/beacon-test.js, line 166: NS_ERROR_FAILURE: 
JavaScript error: https://statics-americanas.b2w.io/mktacom/beacon/beacon.js, line 1: NS_ERROR_FAILURE: 
JavaScript error: https://statics-americanas.b2w.io/mktacom/beacon/beacon-test.js, line 166: NS_ERROR_FAILURE: 
JavaScript error: https://statics-americanas.b2w.io/mktacom/beacon/beacon.js, line 1: NS_ERROR_FAILURE: 
JavaScript error: https://statics-americanas.b2w.io/mktacom/beacon/beacon-test.js, line 166: NS_ERROR_FAILURE: 
JavaScript error: https://statics-americanas.b2w.io/mktacom/beacon/beacon.js, line 1: NS_ERROR_FAILURE: 
JavaScript error: https://statics-americanas.b2w.io/mktacom/beacon/beacon-test.js, line 166: NS_ERROR_FAILURE: 
JavaScript error: https://sacola.submarino.com.br/simple-basket/cage-2.0.1.html?outputID=4, line 37: Error: Forbidden
[Parent 7276, Gecko_IOThread] WARNING: pipe error: 109: file z:/build/build/src/ipc/chromium/src/chrome/common/ipc_channel_win.cc, line 332
[Parent 7276, Gecko_IOThread] WARNING: pipe error: 109: file z:/build/build/src/ipc/chromium/src/chrome/common/ipc_channel_win.cc, line 332
JavaScript error: https://www.submarino.com.br/dist/static/cage/55d3fcccb610da66f4cbf0c0526ea408/cage.html?outputID=2&_date=05-2, line 1: Error: Forbidden
JavaScript error: resource:///actors/NetErrorChild.jsm, line 692: NS_ERROR_FAILURE: Component returned failure code: 0x80004005 (NS_ERROR_FAILURE) [nsIStringBundle.GetStringFromName]
JavaScript error: resource:///actors/NetErrorChild.jsm, line 692: NS_ERROR_FAILURE: Component returned failure code: 0x80004005 (NS_ERROR_FAILURE) [nsIStringBundle.GetStringFromName]
console.error: BroadcastService: 
  receivedBroadcastMessage: handler for
  remote-settings/monitor_changes
  threw error:
  Message: Error: Polling for changes failed: NetworkError when attempting to fetch resource..
  Stack:
    remoteSettingsFunction/remoteSettings.pollChanges@resource://services-settings/remote-settings.js:190:13

1556829898235	Marionette	WARN	TimedPromise timed out after 500 ms: stacktrace:
bail@chrome://marionette/content/sync.js:224:64
JavaScript error: https://www.submarino.com.br/dist/static/cage/55d3fcccb610da66f4cbf0c0526ea408/cage.html?outputID=2&_date=05-2, line 1: Error: Forbidden
JavaScript error: resource:///actors/NetErrorChild.jsm, line 692: NS_ERROR_FAILURE: Component returned failure code: 0x80004005 (NS_ERROR_FAILURE) [nsIStringBundle.GetStringFromName]
1556829903269	Marionette	WARN	TimedPromise timed out after 500 ms: stacktrace:
bail@chrome://marionette/content/sync.js:224:64
JavaScript error: resource:///actors/NetErrorChild.jsm, line 692: NS_ERROR_FAILURE: Component returned failure code: 0x80004005 (NS_ERROR_FAILURE) [nsIStringBundle.GetStringFromName]
JavaScript error: resource:///actors/NetErrorChild.jsm, line 692: NS_ERROR_FAILURE: Component returned failure code: 0x80004005 (NS_ERROR_FAILURE) [nsIStringBundle.GetStringFromName]
JavaScript error: https://assets.adobedtm.com/296b83a81627fd662c5aecf8289129e20324f9b7/s-code-contents-1c810d0a8a6777900f305b21d237ef98ad90a7c6.js, line 225: NS_ERROR_NOT_INITIALIZED: 
[Parent 7276, Gecko_IOThread] WARNING: pipe error: 109: file z:/build/build/src/ipc/chromium/src/chrome/common/ipc_channel_win.cc, line 332
[Parent 7276, Gecko_IOThread] WARNING: pipe error: 109: file z:/build/build/src/ipc/chromium/src/chrome/common/ipc_channel_win.cc, line 332
[Child 9684, Chrome_ChildThread] WARNING: pipe error: 109: file z:/build/build/src/ipc/chromium/src/chrome/common/ipc_channel_win.cc, line 332
[Parent 7276, Gecko_IOThread] WARNING: pipe error: 109: file z:/build/build/src/ipc/chromium/src/chrome/common/ipc_channel_win.cc, line 332
1556830074817	Marionette	INFO	Stopped listening on port 55261

###!!! [Child][RunMessage] Error: Channel closing: too late to send/recv, messages will be lost

[GPU 13972, Chrome_ChildThread] WARNING: pipe error: 109: file z:/build/build/src/ipc/chromium/src/chrome/common/ipc_channel_win.cc, line 332

###!!! [Child][MessageChannel::SendAndWait] Error: Channel error: cannot send/recv

Marionette	WARN	TLS certificate errors will be ignored for this session
JavaScript error: https://sacola.submarino.com.br/simple-basket/the-cage.min-2.0.1.js, line 1: SyntaxError: JSON.parse: unexpected non-digit at line 1 column 2 of the JSON data
JavaScript error: https://sacola.submarino.com.br/simple-basket/the-cage.min-2.0.1.js, line 1: SyntaxError: JSON.parse: unexpected non-digit at line 1 column 2 of the JSON data
JavaScript error: https://sacola.submarino.com.br/simple-basket/the-cage.min-2.0.1.js, line 1: SyntaxError: JSON.parse: unexpected non-digit at line 1 column 2 of the JSON data
JavaScript error: https://sacola.submarino.com.br/simple-basket/the-cage.min-2.0.1.js, line 1: SyntaxError: JSON.parse: unexpected non-digit at line 1 column 2 of the JSON data
[Parent 13492, Gecko_IOThread] WARNING: pipe error: 109: file z:/build/build/src/ipc/chromium/src/chrome/common/ipc_channel_win.cc, line 332
JavaScript error: https://www.submarino.com.br/dist/static/cage/55d3fcccb610da66f4cbf0c0526ea408/cage.html?outputID=2&_date=05-2, line 1: Error: Forbidden
[Parent 13492, Gecko_IOThread] WARNING: pipe error: 109: file z:/build/build/src/ipc/chromium/src/chrome/common/ipc_channel_win.cc, line 332
JavaScript error: resource:///actors/NetErrorChild.jsm, line 692: NS_ERROR_FAILURE: Component returned failure code: 0x80004005 (NS_ERROR_FAILURE) [nsIStringBundle.GetStringFromName]
JavaScript error: resource:///actors/NetErrorChild.jsm, line 692: NS_ERROR_FAILURE: Component returned failure code: 0x80004005 (NS_ERROR_FAILURE) [nsIStringBundle.GetStringFromName]
[Parent 13492, Gecko_IOThread] WARNING: pipe error: 109: file z:/build/build/src/ipc/chromium/src/chrome/common/ipc_channel_win.cc, line 332
JavaScript error: https://www.submarino.com.br/dist/static/cage/55d3fcccb610da66f4cbf0c0526ea408/cage.html?outputID=2&_date=05-2, line 1: Error: Forbidden
1556829975678	Marionette	WARN	TimedPromise timed out after 500 ms: stacktrace:
bail@chrome://marionette/content/sync.js:224:64
JavaScript error: resource:///actors/NetErrorChild.jsm, line 692: NS_ERROR_FAILURE: Component returned failure code: 0x80004005 (NS_ERROR_FAILURE) [nsIStringBundle.GetStringFromName]
1556829983250	Marionette	WARN	TimedPromise timed out after 500 ms: stacktrace:
bail@chrome://marionette/content/sync.js:224:64
JavaScript error: resource:///actors/NetErrorChild.jsm, line 692: NS_ERROR_FAILURE: Component returned failure code: 0x80004005 (NS_ERROR_FAILURE) [nsIStringBundle.GetStringFromName]
JavaScript error: resource:///actors/NetErrorChild.jsm, line 692: NS_ERROR_FAILURE: Component returned failure code: 0x80004005 (NS_ERROR_FAILURE) [nsIStringBundle.GetStringFromName]
JavaScript error: https://assets.adobedtm.com/296b83a81627fd662c5aecf8289129e20324f9b7/s-code-contents-1c810d0a8a6777900f305b21d237ef98ad90a7c6.js, line 225: NS_ERROR_NOT_INITIALIZED: 
[Parent 13492, Gecko_IOThread] WARNING: pipe error: 109: file z:/build/build/src/ipc/chromium/src/chrome/common/ipc_channel_win.cc, line 332
console.error: BroadcastService: 
  receivedBroadcastMessage: handler for
  remote-settings/monitor_changes
  threw error:
  Message: Error: Polling for changes failed: NetworkError when attempting to fetch resource..
  Stack:
    remoteSettingsFunction/remoteSettings.pollChanges@resource://services-settings/remote-settings.js:190:13

[Parent 13492, Gecko_IOThread] WARNING: pipe error: 109: file z:/build/build/src/ipc/chromium/src/chrome/common/ipc_channel_win.cc, line 332
[Parent 13492, Gecko_IOThread] WARNING: pipe error: 109: file z:/build/build/src/ipc/chromium/src/chrome/common/ipc_channel_win.cc, line 332
[Child 14112, Chrome_ChildThread] WARNING: pipe error: 109: file z:/build/build/src/ipc/chromium/src/chrome/common/ipc_channel_win.cc, line 332
[Child 14112, Chrome_ChildThread] WARNING: pipe error: 109: file z:/build/build/src/ipc/chromium/src/chrome/common/ipc_channel_win.cc, line 332
[Parent 13492, Gecko_IOThread] WARNING: pipe error: 109: file z:/build/build/src/ipc/chromium/src/chrome/common/ipc_channel_win.cc, line 332
1556830073386	Marionette	INFO	Stopped listening on port 55864

###!!! [Child][RunMessage] Error: Channel closing: too late to send/recv, messages will be lost

[GPU 14812, Chrome_ChildThread] WARNING: pipe error: 109: file z:/build/build/src/ipc/chromium/src/chrome/common/ipc_channel_win.cc, line 332

###!!! [Child][MessageChannel::SendAndWait] Error: Channel error: cannot send/recv

1556830085963	mozrunner::runner	INFO	Running command: "C:\\Program Files\\Mozilla Firefox\\firefox.exe" "-marionette" "-foreground" "-no-remote" "-profile" "C:\\Users\\GUILHE~1.MAR\\AppData\\Local\\Temp\\rust_mozprofile.GnFxN4vxzaRr"
1556830087813	addons.webextension.screenshots@mozilla.org	WARN	Loading extension 'screenshots@mozilla.org': Reading manifest: Invalid extension permission: mozillaAddons
1556830087814	addons.webextension.screenshots@mozilla.org	WARN	Loading extension 'screenshots@mozilla.org': Reading manifest: Invalid extension permission: resource://pdf.js/
1556830087814	addons.webextension.screenshots@mozilla.org	WARN	Loading extension 'screenshots@mozilla.org': Reading manifest: Invalid extension permission: about:reader*
1556830091344	Marionette	INFO	Listening on port 56478
1556830091402	Marionette	WARN	TLS certificate errors will be ignored for this session
JavaScript error: , line 0: TypeError: NetworkError when attempting to fetch resource.
JavaScript error: https://sacola.submarino.com.br/simple-basket/the-cage.min-2.0.1.js, line 1: SyntaxError: JSON.parse: unexpected non-digit at line 1 column 2 of the JSON data
JavaScript error: https://sacola.submarino.com.br/simple-basket/the-cage.min-2.0.1.js, line 1: SyntaxError: JSON.parse: unexpected non-digit at line 1 column 2 of the JSON data
JavaScript error: https://sacola.submarino.com.br/simple-basket/the-cage.min-2.0.1.js, line 1: SyntaxError: JSON.parse: unexpected non-digit at line 1 column 2 of the JSON data
JavaScript error: https://sacola.submarino.com.br/simple-basket/the-cage.min-2.0.1.js, line 1: SyntaxError: JSON.parse: unexpected non-digit at line 1 column 2 of the JSON data
JavaScript error: https://device.clearsale.com.br/p/fp.js, line 1: NS_ERROR_FAILURE: 
JavaScript error: https://sacola.submarino.com.br/simple-basket/cage-2.0.1.html?outputID=2, line 39: SyntaxError: JSON.parse: unexpected end of data at line 1 column 1 of the JSON data
[Parent 12264, Gecko_IOThread] WARNING: pipe error: 109: file z:/build/build/src/ipc/chromium/src/chrome/common/ipc_channel_win.cc, line 332
JavaScript error: https://www.submarino.com.br/dist/static/cage/55d3fcccb610da66f4cbf0c0526ea408/cage.html?outputID=2&_date=05-2, line 1: Error: Forbidden
JavaScript error: resource:///actors/NetErrorChild.jsm, line 692: NS_ERROR_FAILURE: Component returned failure code: 0x80004005 (NS_ERROR_FAILURE) [nsIStringBundle.GetStringFromName]
JavaScript error: resource:///actors/NetErrorChild.jsm, line 692: NS_ERROR_FAILURE: Component returned failure code: 0x80004005 (NS_ERROR_FAILURE) [nsIStringBundle.GetStringFromName]
[Parent 12264, Gecko_IOThread] WARNING: pipe error: 109: file z:/build/build/src/ipc/chromium/src/chrome/common/ipc_channel_win.cc, line 332
[Parent 12264, Gecko_IOThread] WARNING: pipe error: 109: file z:/build/build/src/ipc/chromium/src/chrome/common/ipc_channel_win.cc, line 332
JavaScript error: https://www.submarino.com.br/dist/static/cage/55d3fcccb610da66f4cbf0c0526ea408/cage.html?outputID=2&_date=05-2, line 1: Error: Forbidden
JavaScript error: resource:///actors/NetErrorChild.jsm, line 692: NS_ERROR_FAILURE: Component returned failure code: 0x80004005 (NS_ERROR_FAILURE) [nsIStringBundle.GetStringFromName]
1556830121934	Marionette	WARN	TimedPromise timed out after 500 ms: stacktrace:
bail@chrome://marionette/content/sync.js:224:64
JavaScript error: resource:///actors/NetErrorChild.jsm, line 692: NS_ERROR_FAILURE: Component returned failure code: 0x80004005 (NS_ERROR_FAILURE) [nsIStringBundle.GetStringFromName]
console.error: BroadcastService: 
  receivedBroadcastMessage: handler for
  remote-settings/monitor_changes
  threw error:
  Message: Error: Polling for changes failed: NetworkError when attempting to fetch resource..
  Stack:
    remoteSettingsFunction/remoteSettings.pollChanges@resource://services-settings/remote-settings.js:190:13

JavaScript error: resource:///actors/NetErrorChild.jsm, line 692: NS_ERROR_FAILURE: Component returned failure code: 0x80004005 (NS_ERROR_FAILURE) [nsIStringBundle.GetStringFromName]
JavaScript error: https://assets.adobedtm.com/296b83a81627fd662c5aecf8289129e20324f9b7/s-code-contents-1c810d0a8a6777900f305b21d237ef98ad90a7c6.js, line 225: NS_ERROR_NOT_INITIALIZED: 
[Parent 12264, Gecko_IOThread] WARNING: pipe error: 109: file z:/build/build/src/ipc/chromium/src/chrome/common/ipc_channel_win.cc, line 332
[Parent 12264, Gecko_IOThread] WARNING: pipe error: 109: file z:/build/build/src/ipc/chromium/src/chrome/common/ipc_channel_win.cc, line 332
[Child 9512, Chrome_ChildThread] WARNING: pipe error: 109: file z:/build/build/src/ipc/chromium/src/chrome/common/ipc_channel_win.cc, line 332
[Child 12456, Chrome_ChildThread] WARNING: pipe error: 109: file z:/build/build/src/ipc/chromium/src/chrome/common/ipc_channel_win.cc, line 332
[Child 12456, Chrome_ChildThread] WARNING: pipe error: 109: file z:/build/build/src/ipc/chromium/src/chrome/common/ipc_channel_win.cc, line 332
[Parent 12264, Gecko_IOThread] WARNING: pipe error: 109: file z:/build/build/src/ipc/chromium/src/chrome/common/ipc_channel_win.cc, line 332
1556830444056	Marionette	INFO	Stopped listening on port 56478

###!!! [Child][RunMessage] Error: Channel closing: too late to send/recv, messages will be lost

[GPU 13028, Chrome_ChildThread] WARNING: pipe error: 109: file z:/build/build/src/ipc/chromium/src/chrome/common/ipc_channel_win.cc, line 332

###!!! [Child][MessageChannel::SendAndWait] Error: Channel error: cannot send/recv

1	Marionette	WARN	TimedPromise timed out after 500 ms: stacktrace:
bail@chrome://marionette/content/sync.js:224:64
JavaScript error: https://www.submarino.com.br/dist/static/cage/55d3fcccb610da66f4cbf0c0526ea408/cage.html?outputID=2&_date=05-2, line 1: Error: Forbidden
JavaScript error: resource:///actors/NetErrorChild.jsm, line 692: NS_ERROR_FAILURE: Component returned failure code: 0x80004005 (NS_ERROR_FAILURE) [nsIStringBundle.GetStringFromName]
[Parent 14872, Gecko_IOThread] WARNING: pipe error: 109: file z:/build/build/src/ipc/chromium/src/chrome/common/ipc_channel_win.cc, line 332
console.error: BroadcastService: 
  receivedBroadcastMessage: handler for
  remote-settings/monitor_changes
  threw error:
  Message: Error: Polling for changes failed: NetworkError when attempting to fetch resource..
  Stack:
    remoteSettingsFunction/remoteSettings.pollChanges@resource://services-settings/remote-settings.js:190:13

[Parent 14872, Gecko_IOThread] WARNING: pipe error: 109: file z:/build/build/src/ipc/chromium/src/chrome/common/ipc_channel_win.cc, line 332
JavaScript error: https://www.submarino.com.br/dist/static/cage/55d3fcccb610da66f4cbf0c0526ea408/cage.html?outputID=2&_date=05-2, line 1: Error: Forbidden
1556830253341	Marionette	WARN	TimedPromise timed out after 500 ms: stacktrace:
bail@chrome://marionette/content/sync.js:224:64
JavaScript error: resource:///actors/NetErrorChild.jsm, line 692: NS_ERROR_FAILURE: Component returned failure code: 0x80004005 (NS_ERROR_FAILURE) [nsIStringBundle.GetStringFromName]
JavaScript error: resource:///actors/NetErrorChild.jsm, line 692: NS_ERROR_FAILURE: Component returned failure code: 0x80004005 (NS_ERROR_FAILURE) [nsIStringBundle.GetStringFromName]
JavaScript error: https://assets.adobedtm.com/296b83a81627fd662c5aecf8289129e20324f9b7/s-code-contents-1c810d0a8a6777900f305b21d237ef98ad90a7c6.js, line 225: NS_ERROR_NOT_INITIALIZED: 
[Parent 14872, Gecko_IOThread] WARNING: pipe error: 109: file z:/build/build/src/ipc/chromium/src/chrome/common/ipc_channel_win.cc, line 332
[Parent 14872, Gecko_IOThread] WARNING: pipe error: 109: file z:/build/build/src/ipc/chromium/src/chrome/common/ipc_channel_win.cc, line 332
[Child 2016, Chrome_ChildThread] WARNING: pipe error: 109: file z:/build/build/src/ipc/chromium/src/chrome/common/ipc_channel_win.cc, line 332
[Child 2016, Chrome_ChildThread] WARNING: pipe error: 109: file z:/build/build/src/ipc/chromium/src/chrome/common/ipc_channel_win.cc, line 332
[Parent 14872, Gecko_IOThread] WARNING: pipe error: 109: file z:/build/build/src/ipc/chromium/src/chrome/common/ipc_channel_win.cc, line 332
1556830444547	Marionette	INFO	Stopped listening on port 57137

###!!! [Child][RunMessage] Error: Channel closing: too late to send/recv, messages will be lost


###!!! [Child][MessageChannel::SendAndWait] Error: Channel error: cannot send/recv

ionette	WARN	TLS certificate errors will be ignored for this session
JavaScript error: , line 0: TypeError: NetworkError when attempting to fetch resource.
[Parent 12844, Gecko_IOThread] WARNING: pipe error: 109: file z:/build/build/src/ipc/chromium/src/chrome/common/ipc_channel_win.cc, line 332
JavaScript error: https://www.submarino.com.br/dist/static/cage/55d3fcccb610da66f4cbf0c0526ea408/cage.html?outputID=2&_date=05-2, line 1: Error: Forbidden
JavaScript error: resource:///actors/NetErrorChild.jsm, line 692: NS_ERROR_FAILURE: Component returned failure code: 0x80004005 (NS_ERROR_FAILURE) [nsIStringBundle.GetStringFromName]
JavaScript error: resource:///actors/NetErrorChild.jsm, line 692: NS_ERROR_FAILURE: Component returned failure code: 0x80004005 (NS_ERROR_FAILURE) [nsIStringBundle.GetStringFromName]
[Parent 12844, Gecko_IOThread] WARNING: pipe error: 109: file z:/build/build/src/ipc/chromium/src/chrome/common/ipc_channel_win.cc, line 332
[Parent 12844, Gecko_IOThread] WARNING: pipe error: 109: file z:/build/build/src/ipc/chromium/src/chrome/common/ipc_channel_win.cc, line 332
JavaScript error: https://www.submarino.com.br/dist/static/cage/55d3fcccb610da66f4cbf0c0526ea408/cage.html?outputID=2&_date=05-2, line 1: Error: Forbidden
JavaScript error: resource:///actors/NetErrorChild.jsm, line 692: NS_ERROR_FAILURE: Component returned failure code: 0x80004005 (NS_ERROR_FAILURE) [nsIStringBundle.GetStringFromName]
console.error: BroadcastService: 
  receivedBroadcastMessage: handler for
  remote-settings/monitor_changes
  threw error:
  Message: Error: Polling for changes failed: NetworkError when attempting to fetch resource..
  Stack:
    remoteSettingsFunction/remoteSettings.pollChanges@resource://services-settings/remote-settings.js:190:13

1556830350644	Marionette	WARN	TimedPromise timed out after 500 ms: stacktrace:
bail@chrome://marionette/content/sync.js:224:64
JavaScript error: resource:///actors/NetErrorChild.jsm, line 692: NS_ERROR_FAILURE: Component returned failure code: 0x80004005 (NS_ERROR_FAILURE) [nsIStringBundle.GetStringFromName]
JavaScript error: resource:///actors/NetErrorChild.jsm, line 692: NS_ERROR_FAILURE: Component returned failure code: 0x80004005 (NS_ERROR_FAILURE) [nsIStringBundle.GetStringFromName]
JavaScript error: https://assets.adobedtm.com/296b83a81627fd662c5aecf8289129e20324f9b7/s-code-contents-1c810d0a8a6777900f305b21d237ef98ad90a7c6.js, line 225: NS_ERROR_NOT_INITIALIZED: 
[Parent 12844, Gecko_IOThread] WARNING: pipe error: 109: file z:/build/build/src/ipc/chromium/src/chrome/common/ipc_channel_win.cc, line 332
[Child 11064, Chrome_ChildThread] WARNING: pipe error: 109: file z:/build/build/src/ipc/chromium/src/chrome/common/ipc_channel_win.cc, line 332
[Child 11064, Chrome_ChildThread] WARNING: pipe error: 109: file z:/build/build/src/ipc/chromium/src/chrome/common/ipc_channel_win.cc, line 332
[Parent 12844, Gecko_IOThread] WARNING: pipe error: 109: file z:/build/build/src/ipc/chromium/src/chrome/common/ipc_channel_win.cc, line 332
1556830491633	Marionette	INFO	Stopped listening on port 57697

###!!! [Child][RunMessage] Error: Channel closing: too late to send/recv, messages will be lost

[GPU 6148, Chrome_ChildThread] WARNING: pipe error: 109: file z:/build/build/src/ipc/chromium/src/chrome/common/ipc_channel_win.cc, line 332

###!!! [Child][MessageChannel::SendAndWait] Error: Channel error: cannot send/recv

ch resource.
JavaScript error: https://statics-americanas.b2w.io/mktacom/beacon/beacon.js, line 1: NS_ERROR_FAILURE: 
JavaScript error: https://statics-americanas.b2w.io/mktacom/beacon/beacon-test.js, line 166: NS_ERROR_FAILURE: 
JavaScript error: https://statics-americanas.b2w.io/mktacom/beacon/beacon.js, line 1: NS_ERROR_FAILURE: 
JavaScript error: https://statics-americanas.b2w.io/mktacom/beacon/beacon-test.js, line 166: NS_ERROR_FAILURE: 
JavaScript error: https://statics-americanas.b2w.io/mktacom/beacon/beacon.js, line 1: NS_ERROR_FAILURE: 
JavaScript error: https://statics-americanas.b2w.io/mktacom/beacon/beacon-test.js, line 166: NS_ERROR_FAILURE: 
JavaScript error: https://statics-americanas.b2w.io/mktacom/beacon/beacon.js, line 1: NS_ERROR_FAILURE: 
JavaScript error: https://statics-americanas.b2w.io/mktacom/beacon/beacon-test.js, line 166: NS_ERROR_FAILURE: 
JavaScript error: https://sacola.submarino.com.br/simple-basket/cage-2.0.1.html?outputID=4, line 37: Error: Forbidden
[Parent 6892, Gecko_IOThread] WARNING: pipe error: 109: file z:/build/build/src/ipc/chromium/src/chrome/common/ipc_channel_win.cc, line 332
[Parent 6892, Gecko_IOThread] WARNING: pipe error: 109: file z:/build/build/src/ipc/chromium/src/chrome/common/ipc_channel_win.cc, line 332
JavaScript error: https://www.submarino.com.br/dist/static/cage/55d3fcccb610da66f4cbf0c0526ea408/cage.html?outputID=2&_date=05-2, line 1: Error: Forbidden
JavaScript error: resource:///actors/NetErrorChild.jsm, line 692: NS_ERROR_FAILURE: Component returned failure code: 0x80004005 (NS_ERROR_FAILURE) [nsIStringBundle.GetStringFromName]
JavaScript error: resource:///actors/NetErrorChild.jsm, line 692: NS_ERROR_FAILURE: Component returned failure code: 0x80004005 (NS_ERROR_FAILURE) [nsIStringBundle.GetStringFromName]
console.error: BroadcastService: 
  receivedBroadcastMessage: handler for
  remote-settings/monitor_changes
  threw error:
  Message: Error: Polling for changes failed: NetworkError when attempting to fetch resource..
  Stack:
    remoteSettingsFunction/remoteSettings.pollChanges@resource://services-settings/remote-settings.js:190:13

JavaScript error: https://www.submarino.com.br/dist/static/cage/55d3fcccb610da66f4cbf0c0526ea408/cage.html?outputID=2&_date=05-2, line 1: Error: Forbidden
1556830400663	Marionette	WARN	TimedPromise timed out after 500 ms: stacktrace:
bail@chrome://marionette/content/sync.js:224:64
JavaScript error: resource:///actors/NetErrorChild.jsm, line 692: NS_ERROR_FAILURE: Component returned failure code: 0x80004005 (NS_ERROR_FAILURE) [nsIStringBundle.GetStringFromName]
[Parent 6892, Gecko_IOThread] WARNING: pipe error: 109: file z:/build/build/src/ipc/chromium/src/chrome/common/ipc_channel_win.cc, line 332
JavaScript error: resource:///actors/NetErrorChild.jsm, line 692: NS_ERROR_FAILURE: Component returned failure code: 0x80004005 (NS_ERROR_FAILURE) [nsIStringBundle.GetStringFromName]
JavaScript error: resource:///actors/NetErrorChild.jsm, line 692: NS_ERROR_FAILURE: Component returned failure code: 0x80004005 (NS_ERROR_FAILURE) [nsIStringBundle.GetStringFromName]
JavaScript error: https://assets.adobedtm.com/296b83a81627fd662c5aecf8289129e20324f9b7/s-code-contents-1c810d0a8a6777900f305b21d237ef98ad90a7c6.js, line 225: NS_ERROR_NOT_INITIALIZED: 
[Child 11940, Chrome_ChildThread] WARNING: pipe error: 109: file z:/build/build/src/ipc/chromium/src/chrome/common/ipc_channel_win.cc, line 332
[Child 3908, Chrome_ChildThread] WARNING: pipe error: 109: file z:/build/build/src/ipc/chromium/src/chrome/common/ipc_channel_win.cc, line 332
[Parent 6892, Gecko_IOThread] WARNING: pipe error: 109: file z:/build/build/src/ipc/chromium/src/chrome/common/ipc_channel_win.cc, line 332
1556830492933	Marionette	INFO	Stopped listening on port 58331

###!!! [Child][RunMessage] Error: Channel closing: too late to send/recv, messages will be lost


###!!! [Child][MessageChannel::SendAndWait] Error: Channel error: cannot send/recv

1556830564852	mozrunner::runner	INFO	Running command: "C:\\Program Files\\Mozilla Firefox\\firefox.exe" "-marionette" "-foreground" "-no-remote" "-profile" "C:\\Users\\GUILHE~1.MAR\\AppData\\Local\\Temp\\rust_mozprofile.5FxBj8l8BR0f"
1556830566575	addons.webextension.screenshots@mozilla.org	WARN	Loading extension 'screenshots@mozilla.org': Reading manifest: Invalid extension permission: mozillaAddons
1556830566575	addons.webextension.screenshots@mozilla.org	WARN	Loading extension 'screenshots@mozilla.org': Reading manifest: Invalid extension permission: resource://pdf.js/
1556830566576	addons.webextension.screenshots@mozilla.org	WARN	Loading extension 'screenshots@mozilla.org': Reading manifest: Invalid extension permission: about:reader*
1556830569961	Marionette	INFO	Listening on port 58971
1556830570286	Marionette	WARN	TLS certificate errors will be ignored for this session
JavaScript error: , line 0: TypeError: NetworkError when attempting to fetch resource.
[Parent 5108, Gecko_IOThread] WARNING: pipe error: 109: file z:/build/build/src/ipc/chromium/src/chrome/common/ipc_channel_win.cc, line 332
JavaScript error: https://www.submarino.com.br/dist/static/cage/55d3fcccb610da66f4cbf0c0526ea408/cage.html?outputID=2&_date=05-2, line 1: Error: Forbidden
JavaScript error: resource:///actors/NetErrorChild.jsm, line 692: NS_ERROR_FAILURE: Component returned failure code: 0x80004005 (NS_ERROR_FAILURE) [nsIStringBundle.GetStringFromName]
JavaScript error: resource:///actors/NetErrorChild.jsm, line 692: NS_ERROR_FAILURE: Component returned failure code: 0x80004005 (NS_ERROR_FAILURE) [nsIStringBundle.GetStringFromName]
1556830594415	Marionette	WARN	TimedPromise timed out after 500 ms: stacktrace:
bail@chrome://marionette/content/sync.js:224:64
JavaScript error: https://www.submarino.com.br/dist/static/cage/55d3fcccb610da66f4cbf0c0526ea408/cage.html?outputID=2&_date=05-2, line 1: Error: Forbidden
1556830599520	Marionette	WARN	TimedPromise timed out after 500 ms: stacktrace:
bail@chrome://marionette/content/sync.js:224:64
JavaScript error: resource:///actors/NetErrorChild.jsm, line 692: NS_ERROR_FAILURE: Component returned failure code: 0x80004005 (NS_ERROR_FAILURE) [nsIStringBundle.GetStringFromName]
JavaScript error: resource:///actors/NetErrorChild.jsm, line 692: NS_ERROR_FAILURE: Component returned failure code: 0x80004005 (NS_ERROR_FAILURE) [nsIStringBundle.GetStringFromName]
JavaScript error: https://assets.adobedtm.com/296b83a81627fd662c5aecf8289129e20324f9b7/s-code-contents-1c810d0a8a6777900f305b21d237ef98ad90a7c6.js, line 225: NS_ERROR_NOT_INITIALIZED: 
[Parent 5108, Gecko_IOThread] WARNING: pipe error: 109: file z:/build/build/src/ipc/chromium/src/chrome/common/ipc_channel_win.cc, line 332
console.error: BroadcastService: 
  receivedBroadcastMessage: handler for
  remote-settings/monitor_changes
  threw error:
  Message: Error: Polling for changes failed: NetworkError when attempting to fetch resource..
  Stack:
    remoteSettingsFunction/remoteSettings.pollChanges@resource://services-settings/remote-settings.js:190:13

1556830988213	Marionette	INFO	Stopped listening on port 58971

###!!! [Child][RunMessage] Error: Channel closing: too late to send/recv, messages will be lost

[GPU 13520, Chrome_ChildThread] WARNING: pipe error: 109: file z:/build/build/src/ipc/chromium/src/chrome/common/ipc_channel_win.cc, line 332

###!!! [Child][MessageChannel::SendAndWait] Error: Channel error: cannot send/recv

ut:reader*
1556830651765	Marionette	INFO	Listening on port 59574
1556830651849	Marionette	WARN	TLS certificate errors will be ignored for this session
JavaScript error: , line 0: TypeError: NetworkError when attempting to fetch resource.
JavaScript error: https://device.clearsale.com.br/p/fp.js, line 1: NS_ERROR_FAILURE: 
[Parent 12136, Gecko_IOThread] WARNING: pipe error: 109: file z:/build/build/src/ipc/chromium/src/chrome/common/ipc_channel_win.cc, line 332
JavaScript error: https://www.submarino.com.br/dist/static/cage/55d3fcccb610da66f4cbf0c0526ea408/cage.html?outputID=2&_date=05-2, line 1: Error: Forbidden
JavaScript error: resource:///actors/NetErrorChild.jsm, line 692: NS_ERROR_FAILURE: Component returned failure code: 0x80004005 (NS_ERROR_FAILURE) [nsIStringBundle.GetStringFromName]
JavaScript error: resource:///actors/NetErrorChild.jsm, line 692: NS_ERROR_FAILURE: Component returned failure code: 0x80004005 (NS_ERROR_FAILURE) [nsIStringBundle.GetStringFromName]
[Parent 12136, Gecko_IOThread] WARNING: pipe error: 109: file z:/build/build/src/ipc/chromium/src/chrome/common/ipc_channel_win.cc, line 332
JavaScript error: https://www.submarino.com.br/dist/static/cage/55d3fcccb610da66f4cbf0c0526ea408/cage.html?outputID=2&_date=05-2, line 1: Error: Forbidden
1556830676547	Marionette	WARN	TimedPromise timed out after 500 ms: stacktrace:
bail@chrome://marionette/content/sync.js:224:64
JavaScript error: resource:///actors/NetErrorChild.jsm, line 692: NS_ERROR_FAILURE: Component returned failure code: 0x80004005 (NS_ERROR_FAILURE) [nsIStringBundle.GetStringFromName]
console.error: BroadcastService: 
  receivedBroadcastMessage: handler for
  remote-settings/monitor_changes
  threw error:
  Message: Error: Polling for changes failed: NetworkError when attempting to fetch resource..
  Stack:
    remoteSettingsFunction/remoteSettings.pollChanges@resource://services-settings/remote-settings.js:190:13

1556830684952	Marionette	WARN	TimedPromise timed out after 500 ms: stacktrace:
bail@chrome://marionette/content/sync.js:224:64
JavaScript error: resource:///actors/NetErrorChild.jsm, line 692: NS_ERROR_FAILURE: Component returned failure code: 0x80004005 (NS_ERROR_FAILURE) [nsIStringBundle.GetStringFromName]
JavaScript error: resource:///actors/NetErrorChild.jsm, line 692: NS_ERROR_FAILURE: Component returned failure code: 0x80004005 (NS_ERROR_FAILURE) [nsIStringBundle.GetStringFromName]
JavaScript error: https://assets.adobedtm.com/296b83a81627fd662c5aecf8289129e20324f9b7/s-code-contents-1c810d0a8a6777900f305b21d237ef98ad90a7c6.js, line 225: NS_ERROR_NOT_INITIALIZED: 
[Parent 12136, Gecko_IOThread] WARNING: pipe error: 109: file z:/build/build/src/ipc/chromium/src/chrome/common/ipc_channel_win.cc, line 332
[Parent 12136, Gecko_IOThread] WARNING: pipe error: 109: file z:/build/build/src/ipc/chromium/src/chrome/common/ipc_channel_win.cc, line 332
[Parent 12136, Gecko_IOThread] WARNING: pipe error: 109: file z:/build/build/src/ipc/chromium/src/chrome/common/ipc_channel_win.cc, line 332
[Child 216, Chrome_ChildThread] WARNING: pipe error: 109: file z:/build/build/src/ipc/chromium/src/chrome/common/ipc_channel_win.cc, line 332
[Child 216, Chrome_ChildThread] WARNING: pipe error: 109: file z:/build/build/src/ipc/chromium/src/chrome/common/ipc_channel_win.cc, line 332
[Parent 12136, Gecko_IOThread] WARNING: pipe error: 109: file z:/build/build/src/ipc/chromium/src/chrome/common/ipc_channel_win.cc, line 332
1556830986777	Marionette	INFO	Stopped listening on port 59574

###!!! [Child][RunMessage] Error: Channel closing: too late to send/recv, messages will be lost

[GPU 8700, Chrome_ChildThread] WARNING: pipe error: 109: file z:/build/build/src/ipc/chromium/src/chrome/common/ipc_channel_win.cc, line 332

###!!! [Child][MessageChannel::SendAndWait] Error: Channel error: cannot send/recv

 fetch resource.
JavaScript error: https://sacola.submarino.com.br/simple-basket/the-cage.min-2.0.1.js, line 1: SyntaxError: JSON.parse: unexpected non-digit at line 1 column 2 of the JSON data
JavaScript error: https://sacola.submarino.com.br/simple-basket/the-cage.min-2.0.1.js, line 1: SyntaxError: JSON.parse: unexpected non-digit at line 1 column 2 of the JSON data
JavaScript error: https://sacola.submarino.com.br/simple-basket/the-cage.min-2.0.1.js, line 1: SyntaxError: JSON.parse: unexpected non-digit at line 1 column 2 of the JSON data
JavaScript error: https://sacola.submarino.com.br/simple-basket/the-cage.min-2.0.1.js, line 1: SyntaxError: JSON.parse: unexpected non-digit at line 1 column 2 of the JSON data
JavaScript error: https://sacola.submarino.com.br/simple-basket/cage-2.0.1.html?outputID=4, line 37: Error: Forbidden
[Parent 14452, Gecko_IOThread] WARNING: pipe error: 109: file z:/build/build/src/ipc/chromium/src/chrome/common/ipc_channel_win.cc, line 332
JavaScript error: resource:///actors/NetErrorChild.jsm, line 692: NS_ERROR_FAILURE: Component returned failure code: 0x80004005 (NS_ERROR_FAILURE) [nsIStringBundle.GetStringFromName]
JavaScript error: https://www.submarino.com.br/dist/static/cage/55d3fcccb610da66f4cbf0c0526ea408/cage.html?outputID=2&_date=05-2, line 1: Error: Forbidden
JavaScript error: resource:///actors/NetErrorChild.jsm, line 692: NS_ERROR_FAILURE: Component returned failure code: 0x80004005 (NS_ERROR_FAILURE) [nsIStringBundle.GetStringFromName]
JavaScript error: https://www.submarino.com.br/dist/static/cage/55d3fcccb610da66f4cbf0c0526ea408/cage.html?outputID=2&_date=05-2, line 1: Error: Forbidden
1556830766634	Marionette	WARN	TimedPromise timed out after 500 ms: stacktrace:
bail@chrome://marionette/content/sync.js:224:64
JavaScript error: resource:///actors/NetErrorChild.jsm, line 692: NS_ERROR_FAILURE: Component returned failure code: 0x80004005 (NS_ERROR_FAILURE) [nsIStringBundle.GetStringFromName]
1556830772395	Marionette	WARN	TimedPromise timed out after 500 ms: stacktrace:
bail@chrome://marionette/content/sync.js:224:64
JavaScript error: resource:///actors/NetErrorChild.jsm, line 692: NS_ERROR_FAILURE: Component returned failure code: 0x80004005 (NS_ERROR_FAILURE) [nsIStringBundle.GetStringFromName]
JavaScript error: resource:///actors/NetErrorChild.jsm, line 692: NS_ERROR_FAILURE: Component returned failure code: 0x80004005 (NS_ERROR_FAILURE) [nsIStringBundle.GetStringFromName]
JavaScript error: https://assets.adobedtm.com/296b83a81627fd662c5aecf8289129e20324f9b7/s-code-contents-1c810d0a8a6777900f305b21d237ef98ad90a7c6.js, line 225: NS_ERROR_NOT_INITIALIZED: 
console.error: BroadcastService: 
  receivedBroadcastMessage: handler for
  remote-settings/monitor_changes
  threw error:
  Message: Error: Polling for changes failed: NetworkError when attempting to fetch resource..
  Stack:
    remoteSettingsFunction/remoteSettings.pollChanges@resource://services-settings/remote-settings.js:190:13

[Parent 14452, Gecko_IOThread] WARNING: pipe error: 109: file z:/build/build/src/ipc/chromium/src/chrome/common/ipc_channel_win.cc, line 332
[Parent 14452, Gecko_IOThread] WARNING: pipe error: 109: file z:/build/build/src/ipc/chromium/src/chrome/common/ipc_channel_win.cc, line 332
1556830984898	Marionette	INFO	Stopped listening on port 60191
[GPU 13812, Chrome_ChildThread] WARNING: pipe error: 109: file z:/build/build/src/ipc/chromium/src/chrome/common/ipc_channel_win.cc, line 332

###!!! [Child][RunMessage] Error: Channel closing: too late to send/recv, messages will be lost


###!!! [Child][MessageChannel::SendAndWait] Error: Channel error: cannot send/recv

.com.br/simple-basket/the-cage.min-2.0.1.js, line 1: SyntaxError: JSON.parse: unexpected non-digit at line 1 column 2 of the JSON data
JavaScript error: https://sacola.submarino.com.br/simple-basket/the-cage.min-2.0.1.js, line 1: SyntaxError: JSON.parse: unexpected non-digit at line 1 column 2 of the JSON data
JavaScript error: https://sacola.submarino.com.br/simple-basket/the-cage.min-2.0.1.js, line 1: SyntaxError: JSON.parse: unexpected non-digit at line 1 column 2 of the JSON data
JavaScript error: https://sacola.submarino.com.br/simple-basket/the-cage.min-2.0.1.js, line 1: SyntaxError: JSON.parse: unexpected non-digit at line 1 column 2 of the JSON data
[Parent 15552, Gecko_IOThread] WARNING: pipe error: 109: file z:/build/build/src/ipc/chromium/src/chrome/common/ipc_channel_win.cc, line 332
JavaScript error: https://sacola.submarino.com.br/simple-basket/cage-2.0.1.html?outputID=4, line 37: Error: Forbidden
JavaScript error: https://device.clearsale.com.br/p/fp.js, line 1: NS_ERROR_FAILURE: 
[Parent 15552, Gecko_IOThread] WARNING: pipe error: 109: file z:/build/build/src/ipc/chromium/src/chrome/common/ipc_channel_win.cc, line 332
JavaScript error: https://www.submarino.com.br/dist/static/cage/55d3fcccb610da66f4cbf0c0526ea408/cage.html?outputID=2&_date=05-2, line 1: Error: Forbidden
JavaScript error: resource:///actors/NetErrorChild.jsm, line 692: NS_ERROR_FAILURE: Component returned failure code: 0x80004005 (NS_ERROR_FAILURE) [nsIStringBundle.GetStringFromName]
JavaScript error: resource:///actors/NetErrorChild.jsm, line 692: NS_ERROR_FAILURE: Component returned failure code: 0x80004005 (NS_ERROR_FAILURE) [nsIStringBundle.GetStringFromName]
console.error: BroadcastService: 
  receivedBroadcastMessage: handler for
  remote-settings/monitor_changes
  threw error:
  Message: Error: Polling for changes failed: NetworkError when attempting to fetch resource..
  Stack:
    remoteSettingsFunction/remoteSettings.pollChanges@resource://services-settings/remote-settings.js:190:13

JavaScript error: https://www.submarino.com.br/dist/static/cage/55d3fcccb610da66f4cbf0c0526ea408/cage.html?outputID=2&_date=05-2, line 1: Error: Forbidden
JavaScript error: resource:///actors/NetErrorChild.jsm, line 692: NS_ERROR_FAILURE: Component returned failure code: 0x80004005 (NS_ERROR_FAILURE) [nsIStringBundle.GetStringFromName]
JavaScript error: resource:///actors/NetErrorChild.jsm, line 692: NS_ERROR_FAILURE: Component returned failure code: 0x80004005 (NS_ERROR_FAILURE) [nsIStringBundle.GetStringFromName]
1556830845615	Marionette	WARN	TimedPromise timed out after 500 ms: stacktrace:
bail@chrome://marionette/content/sync.js:224:64
1556830851262	Marionette	WARN	TimedPromise timed out after 500 ms: stacktrace:
bail@chrome://marionette/content/sync.js:224:64
JavaScript error: resource:///actors/NetErrorChild.jsm, line 692: NS_ERROR_FAILURE: Component returned failure code: 0x80004005 (NS_ERROR_FAILURE) [nsIStringBundle.GetStringFromName]
JavaScript error: https://assets.adobedtm.com/296b83a81627fd662c5aecf8289129e20324f9b7/s-code-contents-1c810d0a8a6777900f305b21d237ef98ad90a7c6.js, line 225: NS_ERROR_NOT_INITIALIZED: 
[Parent 15552, Gecko_IOThread] WARNING: pipe error: 109: file z:/build/build/src/ipc/chromium/src/chrome/common/ipc_channel_win.cc, line 332
[Child 2228, Chrome_ChildThread] WARNING: pipe error: 109: file z:/build/build/src/ipc/chromium/src/chrome/common/ipc_channel_win.cc, line 332
[Child 2228, Chrome_ChildThread] WARNING: pipe error: 109: file z:/build/build/src/ipc/chromium/src/chrome/common/ipc_channel_win.cc, line 332
[Parent 15552, Gecko_IOThread] WARNING: pipe error: 109: file z:/build/build/src/ipc/chromium/src/chrome/common/ipc_channel_win.cc, line 332
[Parent 15552, Gecko_IOThread] WARNING: file z:/build/build/src/ipc/chromium/src/base/process_util_win.cc, line 166
1556830983392	Marionette	INFO	Stopped listening on port 60811

###!!! [Child][RunMessage] Error: Channel closing: too late to send/recv, messages will be lost

[GPU 16112, Chrome_ChildThread] WARNING: pipe error: 109: file z:/build/build/src/ipc/chromium/src/chrome/common/ipc_channel_win.cc, line 332

###!!! [Child][MessageChannel::SendAndWait] Error: Channel error: cannot send/recv

 error: 109: file z:/build/build/src/ipc/chromium/src/chrome/common/ipc_channel_win.cc, line 332
1556830913982	Marionette	INFO	Listening on port 61444
1556830914116	Marionette	WARN	TLS certificate errors will be ignored for this session
JavaScript error: https://device.clearsale.com.br/p/fp.js, line 1: NS_ERROR_FAILURE: 
console.error: BroadcastService: 
  receivedBroadcastMessage: handler for
  remote-settings/monitor_changes
  threw error:
  Message: Error: Polling for changes failed: NetworkError when attempting to fetch resource..
  Stack:
    remoteSettingsFunction/remoteSettings.pollChanges@resource://services-settings/remote-settings.js:190:13

JavaScript error: https://www.submarino.com.br/dist/static/cage/55d3fcccb610da66f4cbf0c0526ea408/cage.html?outputID=2&_date=05-2, line 1: Error: Forbidden
1556830933923	Marionette	WARN	TimedPromise timed out after 500 ms: stacktrace:
bail@chrome://marionette/content/sync.js:224:64
[Parent 13880, Gecko_IOThread] WARNING: pipe error: 109: file z:/build/build/src/ipc/chromium/src/chrome/common/ipc_channel_win.cc, line 332
JavaScript error: https://www.submarino.com.br/dist/static/cage/55d3fcccb610da66f4cbf0c0526ea408/cage.html?outputID=2&_date=05-2, line 1: Error: Forbidden
JavaScript error: resource:///actors/NetErrorChild.jsm, line 692: NS_ERROR_FAILURE: Component returned failure code: 0x80004005 (NS_ERROR_FAILURE) [nsIStringBundle.GetStringFromName]
JavaScript error: resource:///actors/NetErrorChild.jsm, line 692: NS_ERROR_FAILURE: Component returned failure code: 0x80004005 (NS_ERROR_FAILURE) [nsIStringBundle.GetStringFromName]
JavaScript error: resource:///actors/NetErrorChild.jsm, line 692: NS_ERROR_FAILURE: Component returned failure code: 0x80004005 (NS_ERROR_FAILURE) [nsIStringBundle.GetStringFromName]
JavaScript error: https://assets.adobedtm.com/296b83a81627fd662c5aecf8289129e20324f9b7/s-code-contents-1c810d0a8a6777900f305b21d237ef98ad90a7c6.js, line 225: NS_ERROR_NOT_INITIALIZED: 
[Parent 13880, Gecko_IOThread] WARNING: pipe error: 109: file z:/build/build/src/ipc/chromium/src/chrome/common/ipc_channel_win.cc, line 332
[Parent 13880, Gecko_IOThread] WARNING: pipe error: 109: file z:/build/build/src/ipc/chromium/src/chrome/common/ipc_channel_win.cc, line 332
[Parent 13880, Gecko_IOThread] WARNING: pipe error: 109: file z:/build/build/src/ipc/chromium/src/chrome/common/ipc_channel_win.cc, line 332
1556830989374	Marionette	INFO	Stopped listening on port 61444

###!!! [Child][RunMessage] Error: Channel closing: too late to send/recv, messages will be lost


###!!! [Child][MessageChannel::SendAndWait] Error: Channel error: cannot send/recv

1556831070733	mozrunner::runner	INFO	Running command: "C:\\Program Files\\Mozilla Firefox\\firefox.exe" "-marionette" "-foreground" "-no-remote" "-profile" "C:\\Users\\GUILHE~1.MAR\\AppData\\Local\\Temp\\rust_mozprofile.tK88EmmnVyjo"
1556831072545	addons.webextension.screenshots@mozilla.org	WARN	Loading extension 'screenshots@mozilla.org': Reading manifest: Invalid extension permission: mozillaAddons
1556831072546	addons.webextension.screenshots@mozilla.org	WARN	Loading extension 'screenshots@mozilla.org': Reading manifest: Invalid extension permission: resource://pdf.js/
1556831072546	addons.webextension.screenshots@mozilla.org	WARN	Loading extension 'screenshots@mozilla.org': Reading manifest: Invalid extension permission: about:reader*
1556831076386	Marionette	INFO	Listening on port 62071
1556831076773	Marionette	WARN	TLS certificate errors will be ignored for this session
JavaScript error: , line 0: TypeError: NetworkError when attempting to fetch resource.
JavaScript error: https://device.clearsale.com.br/p/fp.js, line 1: NS_ERROR_FAILURE: 
[Parent 9348, Gecko_IOThread] WARNING: pipe error: 109: file z:/build/build/src/ipc/chromium/src/chrome/common/ipc_channel_win.cc, line 332
[Parent 9348, Gecko_IOThread] WARNING: pipe error: 109: file z:/build/build/src/ipc/chromium/src/chrome/common/ipc_channel_win.cc, line 332
JavaScript error: https://www.submarino.com.br/dist/static/cage/55d3fcccb610da66f4cbf0c0526ea408/cage.html?outputID=2&_date=05-2, line 1: Error: Forbidden
JavaScript error: resource:///actors/NetErrorChild.jsm, line 692: NS_ERROR_FAILURE: Component returned failure code: 0x80004005 (NS_ERROR_FAILURE) [nsIStringBundle.GetStringFromName]
JavaScript error: resource:///actors/NetErrorChild.jsm, line 692: NS_ERROR_FAILURE: Component returned failure code: 0x80004005 (NS_ERROR_FAILURE) [nsIStringBundle.GetStringFromName]
JavaScript error: https://www.submarino.com.br/dist/static/cage/55d3fcccb610da66f4cbf0c0526ea408/cage.html?outputID=2&_date=05-2, line 1: Error: Forbidden
JavaScript error: resource:///actors/NetErrorChild.jsm, line 692: NS_ERROR_FAILURE: Component returned failure code: 0x80004005 (NS_ERROR_FAILURE) [nsIStringBundle.GetStringFromName]
JavaScript error: resource:///actors/NetErrorChild.jsm, line 692: NS_ERROR_FAILURE: Component returned failure code: 0x80004005 (NS_ERROR_FAILURE) [nsIStringBundle.GetStringFromName]
1556831101203	Marionette	WARN	TimedPromise timed out after 500 ms: stacktrace:
bail@chrome://marionette/content/sync.js:224:64
JavaScript error: resource:///actors/NetErrorChild.jsm, line 692: NS_ERROR_FAILURE: Component returned failure code: 0x80004005 (NS_ERROR_FAILURE) [nsIStringBundle.GetStringFromName]
console.error: BroadcastService: 
  receivedBroadcastMessage: handler for
  remote-settings/monitor_changes
  threw error:
  Message: Error: Polling for changes failed: NetworkError when attempting to fetch resource..
  Stack:
    remoteSettingsFunction/remoteSettings.pollChanges@resource://services-settings/remote-settings.js:190:13

JavaScript error: https://assets.adobedtm.com/296b83a81627fd662c5aecf8289129e20324f9b7/s-code-contents-1c810d0a8a6777900f305b21d237ef98ad90a7c6.js, line 225: NS_ERROR_NOT_INITIALIZED: 
[Parent 9348, Gecko_IOThread] WARNING: pipe error: 109: file z:/build/build/src/ipc/chromium/src/chrome/common/ipc_channel_win.cc, line 332
[Parent 9348, Gecko_IOThread] WARNING: pipe error: 109: file z:/build/build/src/ipc/chromium/src/chrome/common/ipc_channel_win.cc, line 332
[Child 2608, Chrome_ChildThread] WARNING: pipe error: 109: file z:/build/build/src/ipc/chromium/src/chrome/common/ipc_channel_win.cc, line 332
[Child 2608, Chrome_ChildThread] WARNING: pipe error: 109: file z:/build/build/src/ipc/chromium/src/chrome/common/ipc_channel_win.cc, line 332
[Parent 9348, Gecko_IOThread] WARNING: pipe error: 109: file z:/build/build/src/ipc/chromium/src/chrome/common/ipc_channel_win.cc, line 332
1556831252082	Marionette	INFO	Stopped listening on port 62071

###!!! [Child][RunMessage] Error: Channel closing: too late to send/recv, messages will be lost

[GPU 15812, Chrome_ChildThread] WARNING: pipe error: 109: file z:/build/build/src/ipc/chromium/src/chrome/common/ipc_channel_win.cc, line 332

###!!! [Child][MessageChannel::SendAndWait] Error: Channel error: cannot send/recv

ionette	WARN	TLS certificate errors will be ignored for this session
JavaScript error: , line 0: TypeError: NetworkError when attempting to fetch resource.
[Parent 1792, Gecko_IOThread] WARNING: pipe error: 109: file z:/build/build/src/ipc/chromium/src/chrome/common/ipc_channel_win.cc, line 332
JavaScript error: https://www.submarino.com.br/dist/static/cage/55d3fcccb610da66f4cbf0c0526ea408/cage.html?outputID=2&_date=05-2, line 1: Error: Forbidden
JavaScript error: resource:///actors/NetErrorChild.jsm, line 692: NS_ERROR_FAILURE: Component returned failure code: 0x80004005 (NS_ERROR_FAILURE) [nsIStringBundle.GetStringFromName]
JavaScript error: resource:///actors/NetErrorChild.jsm, line 692: NS_ERROR_FAILURE: Component returned failure code: 0x80004005 (NS_ERROR_FAILURE) [nsIStringBundle.GetStringFromName]
console.error: BroadcastService: 
  receivedBroadcastMessage: handler for
  remote-settings/monitor_changes
  threw error:
  Message: Error: Polling for changes failed: NetworkError when attempting to fetch resource..
  Stack:
    remoteSettingsFunction/remoteSettings.pollChanges@resource://services-settings/remote-settings.js:190:13

1556831201976	Marionette	WARN	TimedPromise timed out after 500 ms: stacktrace:
bail@chrome://marionette/content/sync.js:224:64
[Parent 1792, Gecko_IOThread] WARNING: pipe error: 109: file z:/build/build/src/ipc/chromium/src/chrome/common/ipc_channel_win.cc, line 332
JavaScript error: https://www.submarino.com.br/dist/static/cage/55d3fcccb610da66f4cbf0c0526ea408/cage.html?outputID=2&_date=05-2, line 1: Error: Forbidden
JavaScript error: resource:///actors/NetErrorChild.jsm, line 692: NS_ERROR_FAILURE: Component returned failure code: 0x80004005 (NS_ERROR_FAILURE) [nsIStringBundle.GetStringFromName]
JavaScript error: resource:///actors/NetErrorChild.jsm, line 692: NS_ERROR_FAILURE: Component returned failure code: 0x80004005 (NS_ERROR_FAILURE) [nsIStringBundle.GetStringFromName]
1556831207277	Marionette	WARN	TimedPromise timed out after 500 ms: stacktrace:
bail@chrome://marionette/content/sync.js:224:64
JavaScript error: resource:///actors/NetErrorChild.jsm, line 692: NS_ERROR_FAILURE: Component returned failure code: 0x80004005 (NS_ERROR_FAILURE) [nsIStringBundle.GetStringFromName]
JavaScript error: https://assets.adobedtm.com/296b83a81627fd662c5aecf8289129e20324f9b7/s-code-contents-1c810d0a8a6777900f305b21d237ef98ad90a7c6.js, line 225: NS_ERROR_NOT_INITIALIZED: 
[Parent 1792, Gecko_IOThread] WARNING: pipe error: 109: file z:/build/build/src/ipc/chromium/src/chrome/common/ipc_channel_win.cc, line 332
[Parent 1792, Gecko_IOThread] WARNING: pipe error: 109: file z:/build/build/src/ipc/chromium/src/chrome/common/ipc_channel_win.cc, line 332
[Parent 1792, Gecko_IOThread] WARNING: pipe error: 109: file z:/build/build/src/ipc/chromium/src/chrome/common/ipc_channel_win.cc, line 332
[Child 12240, Chrome_ChildThread] WARNING: pipe error: 109: file z:/build/build/src/ipc/chromium/src/chrome/common/ipc_channel_win.cc, line 332
[Child 12240, Chrome_ChildThread] WARNING: pipe error: 109: file z:/build/build/src/ipc/chromium/src/chrome/common/ipc_channel_win.cc, line 332
1556831259231	Marionette	INFO	Stopped listening on port 62685

###!!! [Child][RunMessage] Error: Channel closing: too late to send/recv, messages will be lost

[GPU 15792, Chrome_ChildThread] WARNING: pipe error: 109: file z:/build/build/src/ipc/chromium/src/chrome/common/ipc_channel_win.cc, line 332

###!!! [Child][MessageChannel::SendAndWait] Error: Channel error: cannot send/recv

1556831359430	mozrunner::runner	INFO	Running command: "C:\\Program Files\\Mozilla Firefox\\firefox.exe" "-marionette" "-foreground" "-no-remote" "-profile" "C:\\Users\\GUILHE~1.MAR\\AppData\\Local\\Temp\\rust_mozprofile.zpOC5fQqcKWW"
1556831360228	addons.webextension.screenshots@mozilla.org	WARN	Loading extension 'screenshots@mozilla.org': Reading manifest: Invalid extension permission: mozillaAddons
1556831360228	addons.webextension.screenshots@mozilla.org	WARN	Loading extension 'screenshots@mozilla.org': Reading manifest: Invalid extension permission: resource://pdf.js/
1556831360228	addons.webextension.screenshots@mozilla.org	WARN	Loading extension 'screenshots@mozilla.org': Reading manifest: Invalid extension permission: about:reader*
1556831363464	Marionette	INFO	Listening on port 63330
1556831363762	Marionette	WARN	TLS certificate errors will be ignored for this session
JavaScript error: , line 0: TypeError: NetworkError when attempting to fetch resource.
JavaScript error: https://sacola.submarino.com.br/simple-basket/the-cage.min-2.0.1.js, line 1: SyntaxError: JSON.parse: unexpected non-digit at line 1 column 2 of the JSON data
JavaScript error: https://sacola.submarino.com.br/simple-basket/the-cage.min-2.0.1.js, line 1: SyntaxError: JSON.parse: unexpected non-digit at line 1 column 2 of the JSON data
JavaScript error: https://sacola.submarino.com.br/simple-basket/the-cage.min-2.0.1.js, line 1: SyntaxError: JSON.parse: unexpected non-digit at line 1 column 2 of the JSON data
JavaScript error: https://sacola.submarino.com.br/simple-basket/the-cage.min-2.0.1.js, line 1: SyntaxError: JSON.parse: unexpected non-digit at line 1 column 2 of the JSON data
JavaScript error: https://sacola.submarino.com.br/simple-basket/cage-2.0.1.html?outputID=2, line 39: SyntaxError: JSON.parse: unexpected end of data at line 1 column 1 of the JSON data
JavaScript error: https://www.submarino.com.br/dist/static/cage/55d3fcccb610da66f4cbf0c0526ea408/cage.html?outputID=2&_date=05-2, line 1: Error: Forbidden
JavaScript error: resource:///actors/NetErrorChild.jsm, line 692: NS_ERROR_FAILURE: Component returned failure code: 0x80004005 (NS_ERROR_FAILURE) [nsIStringBundle.GetStringFromName]
JavaScript error: resource:///actors/NetErrorChild.jsm, line 692: NS_ERROR_FAILURE: Component returned failure code: 0x80004005 (NS_ERROR_FAILURE) [nsIStringBundle.GetStringFromName]
[Parent 648, Gecko_IOThread] WARNING: pipe error: 109: file z:/build/build/src/ipc/chromium/src/chrome/common/ipc_channel_win.cc, line 332
console.error: BroadcastService: 
  receivedBroadcastMessage: handler for
  remote-settings/monitor_changes
  threw error:
  Message: Error: Polling for changes failed: NetworkError when attempting to fetch resource..
  Stack:
    remoteSettingsFunction/remoteSettings.pollChanges@resource://services-settings/remote-settings.js:190:13

1556831390455	Marionette	WARN	TimedPromise timed out after 500 ms: stacktrace:
bail@chrome://marionette/content/sync.js:224:64
JavaScript error: resource:///actors/NetErrorChild.jsm, line 692: NS_ERROR_FAILURE: Component returned failure code: 0x80004005 (NS_ERROR_FAILURE) [nsIStringBundle.GetStringFromName]
JavaScript error: resource:///actors/NetErrorChild.jsm, line 692: NS_ERROR_FAILURE: Component returned failure code: 0x80004005 (NS_ERROR_FAILURE) [nsIStringBundle.GetStringFromName]
JavaScript error: https://www.submarino.com.br/dist/static/cage/55d3fcccb610da66f4cbf0c0526ea408/cage.html?outputID=2&_date=05-2, line 1: Error: Forbidden
1556831395673	Marionette	WARN	TimedPromise timed out after 500 ms: stacktrace:
bail@chrome://marionette/content/sync.js:224:64
JavaScript error: https://assets.adobedtm.com/296b83a81627fd662c5aecf8289129e20324f9b7/s-code-contents-1c810d0a8a6777900f305b21d237ef98ad90a7c6.js, line 225: NS_ERROR_NOT_INITIALIZED: 
[Parent 648, Gecko_IOThread] WARNING: pipe error: 109: file z:/build/build/src/ipc/chromium/src/chrome/common/ipc_channel_win.cc, line 332
[Parent 648, Gecko_IOThread] WARNING: pipe error: 109: file z:/build/build/src/ipc/chromium/src/chrome/common/ipc_channel_win.cc, line 332
[Child 7388, Chrome_ChildThread] WARNING: pipe error: 109: file z:/build/build/src/ipc/chromium/src/chrome/common/ipc_channel_win.cc, line 332
[Child 7388, Chrome_ChildThread] WARNING: pipe error: 109: file z:/build/build/src/ipc/chromium/src/chrome/common/ipc_channel_win.cc, line 332
[Parent 648, Gecko_IOThread] WARNING: pipe error: 109: file z:/build/build/src/ipc/chromium/src/chrome/common/ipc_channel_win.cc, line 332
1556831702464	Marionette	INFO	Stopped listening on port 63330

###!!! [Child][RunMessage] Error: Channel closing: too late to send/recv, messages will be lost

[GPU 14680, Chrome_ChildThread] WARNING: pipe error: 109: file z:/build/build/src/ipc/chromium/src/chrome/common/ipc_channel_win.cc, line 332

###!!! [Child][MessageChannel::SendAndWait] Error: Channel error: cannot send/recv

rionette	WARN	TLS certificate errors will be ignored for this session
JavaScript error: , line 0: TypeError: NetworkError when attempting to fetch resource.
[Parent 13188, Gecko_IOThread] WARNING: pipe error: 109: file z:/build/build/src/ipc/chromium/src/chrome/common/ipc_channel_win.cc, line 332
JavaScript error: https://sacola.submarino.com.br/simple-basket/the-cage.min-2.0.1.js, line 1: SyntaxError: JSON.parse: unexpected non-digit at line 1 column 2 of the JSON data
JavaScript error: https://sacola.submarino.com.br/simple-basket/the-cage.min-2.0.1.js, line 1: SyntaxError: JSON.parse: unexpected non-digit at line 1 column 2 of the JSON data
JavaScript error: https://sacola.submarino.com.br/simple-basket/the-cage.min-2.0.1.js, line 1: SyntaxError: JSON.parse: unexpected non-digit at line 1 column 2 of the JSON data
JavaScript error: https://sacola.submarino.com.br/simple-basket/the-cage.min-2.0.1.js, line 1: SyntaxError: JSON.parse: unexpected non-digit at line 1 column 2 of the JSON data
JavaScript error: https://sacola.submarino.com.br/simple-basket/cage-2.0.1.html?outputID=4, line 37: Error: Forbidden
[Parent 13188, Gecko_IOThread] WARNING: pipe error: 109: file z:/build/build/src/ipc/chromium/src/chrome/common/ipc_channel_win.cc, line 332
JavaScript error: https://www.submarino.com.br/dist/static/cage/55d3fcccb610da66f4cbf0c0526ea408/cage.html?outputID=2&_date=05-2, line 1: Error: Forbidden
JavaScript error: resource:///actors/NetErrorChild.jsm, line 692: NS_ERROR_FAILURE: Component returned failure code: 0x80004005 (NS_ERROR_FAILURE) [nsIStringBundle.GetStringFromName]
JavaScript error: resource:///actors/NetErrorChild.jsm, line 692: NS_ERROR_FAILURE: Component returned failure code: 0x80004005 (NS_ERROR_FAILURE) [nsIStringBundle.GetStringFromName]
console.error: BroadcastService: 
  receivedBroadcastMessage: handler for
  remote-settings/monitor_changes
  threw error:
  Message: Error: Polling for changes failed: NetworkError when attempting to fetch resource..
  Stack:
    remoteSettingsFunction/remoteSettings.pollChanges@resource://services-settings/remote-settings.js:190:13

JavaScript error: https://www.submarino.com.br/dist/static/cage/55d3fcccb610da66f4cbf0c0526ea408/cage.html?outputID=2&_date=05-2, line 1: Error: Forbidden
JavaScript error: resource:///actors/NetErrorChild.jsm, line 692: NS_ERROR_FAILURE: Component returned failure code: 0x80004005 (NS_ERROR_FAILURE) [nsIStringBundle.GetStringFromName]
1556831528931	Marionette	WARN	TimedPromise timed out after 500 ms: stacktrace:
bail@chrome://marionette/content/sync.js:224:64
[Parent 13188, Gecko_IOThread] WARNING: pipe error: 109: file z:/build/build/src/ipc/chromium/src/chrome/common/ipc_channel_win.cc, line 332
JavaScript error: resource:///actors/NetErrorChild.jsm, line 692: NS_ERROR_FAILURE: Component returned failure code: 0x80004005 (NS_ERROR_FAILURE) [nsIStringBundle.GetStringFromName]
JavaScript error: resource:///actors/NetErrorChild.jsm, line 692: NS_ERROR_FAILURE: Component returned failure code: 0x80004005 (NS_ERROR_FAILURE) [nsIStringBundle.GetStringFromName]
JavaScript error: https://assets.adobedtm.com/296b83a81627fd662c5aecf8289129e20324f9b7/s-code-contents-1c810d0a8a6777900f305b21d237ef98ad90a7c6.js, line 225: NS_ERROR_NOT_INITIALIZED: 
[Child 1484, Chrome_ChildThread] WARNING: pipe error: 109: file z:/build/build/src/ipc/chromium/src/chrome/common/ipc_channel_win.cc, line 332
[Child 3448, Chrome_ChildThread] WARNING: pipe error: 109: file z:/build/build/src/ipc/chromium/src/chrome/common/ipc_channel_win.cc, line 332
[Child 3448, Chrome_ChildThread] WARNING: pipe error: 109: file z:/build/build/src/ipc/chromium/src/chrome/common/ipc_channel_win.cc, line 332
[Parent 13188, Gecko_IOThread] WARNING: pipe error: 109: file z:/build/build/src/ipc/chromium/src/chrome/common/ipc_channel_win.cc, line 332
1556831564338	Marionette	INFO	Stopped listening on port 63979

###!!! [Child][RunMessage] Error: Channel closing: too late to send/recv, messages will be lost

[GPU 14812, Chrome_ChildThread] WARNING: pipe error: 109: file z:/build/build/src/ipc/chromium/src/chrome/common/ipc_channel_win.cc, line 332

###!!! [Child][MessageChannel::SendAndWait] Error: Channel error: cannot send/recv

1556831609407	mozrunner::runner	INFO	Running command: "C:\\Program Files\\Mozilla Firefox\\firefox.exe" "-marionette" "-foreground" "-no-remote" "-profile" "C:\\Users\\GUILHE~1.MAR\\AppData\\Local\\Temp\\rust_mozprofile.8c7V8XUkKZtn"
1556831610258	addons.webextension.screenshots@mozilla.org	WARN	Loading extension 'screenshots@mozilla.org': Reading manifest: Invalid extension permission: mozillaAddons
1556831610259	addons.webextension.screenshots@mozilla.org	WARN	Loading extension 'screenshots@mozilla.org': Reading manifest: Invalid extension permission: resource://pdf.js/
1556831610259	addons.webextension.screenshots@mozilla.org	WARN	Loading extension 'screenshots@mozilla.org': Reading manifest: Invalid extension permission: about:reader*
1556831613555	Marionette	INFO	Listening on port 64600
1556831613826	Marionette	WARN	TLS certificate errors will be ignored for this session
JavaScript error: , line 0: TypeError: NetworkError when attempting to fetch resource.
JavaScript error: https://sacola.submarino.com.br/simple-basket/the-cage.min-2.0.1.js, line 1: SyntaxError: JSON.parse: unexpected non-digit at line 1 column 2 of the JSON data
JavaScript error: https://sacola.submarino.com.br/simple-basket/the-cage.min-2.0.1.js, line 1: SyntaxError: JSON.parse: unexpected non-digit at line 1 column 2 of the JSON data
JavaScript error: https://sacola.submarino.com.br/simple-basket/the-cage.min-2.0.1.js, line 1: SyntaxError: JSON.parse: unexpected non-digit at line 1 column 2 of the JSON data
JavaScript error: https://sacola.submarino.com.br/simple-basket/the-cage.min-2.0.1.js, line 1: SyntaxError: JSON.parse: unexpected non-digit at line 1 column 2 of the JSON data
[Parent 13496, Gecko_IOThread] WARNING: pipe error: 109: file z:/build/build/src/ipc/chromium/src/chrome/common/ipc_channel_win.cc, line 332
[Parent 13496, Gecko_IOThread] WARNING: pipe error: 109: file z:/build/build/src/ipc/chromium/src/chrome/common/ipc_channel_win.cc, line 332
JavaScript error: https://www.submarino.com.br/dist/static/cage/55d3fcccb610da66f4cbf0c0526ea408/cage.html?outputID=2&_date=05-2, line 1: Error: Forbidden
JavaScript error: resource:///actors/NetErrorChild.jsm, line 692: NS_ERROR_FAILURE: Component returned failure code: 0x80004005 (NS_ERROR_FAILURE) [nsIStringBundle.GetStringFromName]
JavaScript error: resource:///actors/NetErrorChild.jsm, line 692: NS_ERROR_FAILURE: Component returned failure code: 0x80004005 (NS_ERROR_FAILURE) [nsIStringBundle.GetStringFromName]
console.error: BroadcastService: 
  receivedBroadcastMessage: handler for
  remote-settings/monitor_changes
  threw error:
  Message: Error: Polling for changes failed: NetworkError when attempting to fetch resource..
  Stack:
    remoteSettingsFunction/remoteSettings.pollChanges@resource://services-settings/remote-settings.js:190:13

JavaScript error: https://www.submarino.com.br/dist/static/cage/55d3fcccb610da66f4cbf0c0526ea408/cage.html?outputID=2&_date=05-2, line 1: Error: Forbidden
[Parent 13496, Gecko_IOThread] WARNING: pipe error: 109: file z:/build/build/src/ipc/chromium/src/chrome/common/ipc_channel_win.cc, line 332
JavaScript error: resource:///actors/NetErrorChild.jsm, line 692: NS_ERROR_FAILURE: Component returned failure code: 0x80004005 (NS_ERROR_FAILURE) [nsIStringBundle.GetStringFromName]
JavaScript error: resource:///actors/NetErrorChild.jsm, line 692: NS_ERROR_FAILURE: Component returned failure code: 0x80004005 (NS_ERROR_FAILURE) [nsIStringBundle.GetStringFromName]
JavaScript error: https://assets.adobedtm.com/296b83a81627fd662c5aecf8289129e20324f9b7/s-code-contents-1c810d0a8a6777900f305b21d237ef98ad90a7c6.js, line 225: NS_ERROR_NOT_INITIALIZED: 
[Parent 13496, Gecko_IOThread] WARNING: pipe error: 109: file z:/build/build/src/ipc/chromium/src/chrome/common/ipc_channel_win.cc, line 332
[Parent 13496, Gecko_IOThread] WARNING: pipe error: 109: file z:/build/build/src/ipc/chromium/src/chrome/common/ipc_channel_win.cc, line 332
1556831683150	Marionette	INFO	Stopped listening on port 64600

###!!! [Child][RunMessage] Error: Channel closing: too late to send/recv, messages will be lost

[GPU 10252, Chrome_ChildThread] WARNING: pipe error: 109: file z:/build/build/src/ipc/chromium/src/chrome/common/ipc_channel_win.cc, line 332

###!!! [Child][MessageChannel::SendAndWait] Error: Channel error: cannot send/recv

1556831772544	mozrunner::runner	INFO	Running command: "C:\\Program Files\\Mozilla Firefox\\firefox.exe" "-marionette" "-foreground" "-no-remote" "-profile" "C:\\Users\\GUILHE~1.MAR\\AppData\\Local\\Temp\\rust_mozprofile.ZnQNCmpBst1x"
1556831773352	addons.webextension.screenshots@mozilla.org	WARN	Loading extension 'screenshots@mozilla.org': Reading manifest: Invalid extension permission: mozillaAddons
1556831773353	addons.webextension.screenshots@mozilla.org	WARN	Loading extension 'screenshots@mozilla.org': Reading manifest: Invalid extension permission: resource://pdf.js/
1556831773353	addons.webextension.screenshots@mozilla.org	WARN	Loading extension 'screenshots@mozilla.org': Reading manifest: Invalid extension permission: about:reader*
1556831776665	Marionette	INFO	Listening on port 65193
1556831776873	Marionette	WARN	TLS certificate errors will be ignored for this session
JavaScript error: , line 0: TypeError: NetworkError when attempting to fetch resource.
JavaScript error: https://sacola.submarino.com.br/simple-basket/the-cage.min-2.0.1.js, line 1: SyntaxError: JSON.parse: unexpected non-digit at line 1 column 2 of the JSON data
JavaScript error: https://sacola.submarino.com.br/simple-basket/the-cage.min-2.0.1.js, line 1: SyntaxError: JSON.parse: unexpected non-digit at line 1 column 2 of the JSON data
JavaScript error: https://sacola.submarino.com.br/simple-basket/the-cage.min-2.0.1.js, line 1: SyntaxError: JSON.parse: unexpected non-digit at line 1 column 2 of the JSON data
JavaScript error: https://sacola.submarino.com.br/simple-basket/the-cage.min-2.0.1.js, line 1: SyntaxError: JSON.parse: unexpected non-digit at line 1 column 2 of the JSON data
[Parent 6344, Gecko_IOThread] WARNING: pipe error: 109: file z:/build/build/src/ipc/chromium/src/chrome/common/ipc_channel_win.cc, line 332
JavaScript error: https://device.clearsale.com.br/p/fp.js, line 1: NS_ERROR_FAILURE: 
JavaScript error: https://sacola.submarino.com.br/simple-basket/cage-2.0.1.html?outputID=4, line 37: Error: Forbidden
JavaScript error: https://sacola.submarino.com.br/simple-basket/cage-2.0.1.html?outputID=2, line 39: SyntaxError: JSON.parse: unexpected end of data at line 1 column 1 of the JSON data
[Parent 6344, Gecko_IOThread] WARNING: pipe error: 109: file z:/build/build/src/ipc/chromium/src/chrome/common/ipc_channel_win.cc, line 332
JavaScript error: https://www.submarino.com.br/dist/static/cage/55d3fcccb610da66f4cbf0c0526ea408/cage.html?outputID=2&_date=05-2, line 1: Error: Forbidden
JavaScript error: resource:///actors/NetErrorChild.jsm, line 692: NS_ERROR_FAILURE: Component returned failure code: 0x80004005 (NS_ERROR_FAILURE) [nsIStringBundle.GetStringFromName]
JavaScript error: resource:///actors/NetErrorChild.jsm, line 692: NS_ERROR_FAILURE: Component returned failure code: 0x80004005 (NS_ERROR_FAILURE) [nsIStringBundle.GetStringFromName]
console.error: BroadcastService: 
  receivedBroadcastMessage: handler for
  remote-settings/monitor_changes
  threw error:
  Message: Error: Polling for changes failed: NetworkError when attempting to fetch resource..
  Stack:
    remoteSettingsFunction/remoteSettings.pollChanges@resource://services-settings/remote-settings.js:190:13

JavaScript error: https://www.submarino.com.br/dist/static/cage/55d3fcccb610da66f4cbf0c0526ea408/cage.html?outputID=2&_date=05-2, line 1: Error: Forbidden
JavaScript error: resource:///actors/NetErrorChild.jsm, line 692: NS_ERROR_FAILURE: Component returned failure code: 0x80004005 (NS_ERROR_FAILURE) [nsIStringBundle.GetStringFromName]
1556831806097	Marionette	WARN	TimedPromise timed out after 500 ms: stacktrace:
bail@chrome://marionette/content/sync.js:224:64
[Parent 6344, Gecko_IOThread] WARNING: pipe error: 109: file z:/build/build/src/ipc/chromium/src/chrome/common/ipc_channel_win.cc, line 332
1556831809296	Marionette	WARN	TimedPromise timed out after 500 ms: stacktrace:
bail@chrome://marionette/content/sync.js:224:64
JavaScript error: resource:///actors/NetErrorChild.jsm, line 692: NS_ERROR_FAILURE: Component returned failure code: 0x80004005 (NS_ERROR_FAILURE) [nsIStringBundle.GetStringFromName]
JavaScript error: resource:///actors/NetErrorChild.jsm, line 692: NS_ERROR_FAILURE: Component returned failure code: 0x80004005 (NS_ERROR_FAILURE) [nsIStringBundle.GetStringFromName]
JavaScript error: https://assets.adobedtm.com/296b83a81627fd662c5aecf8289129e20324f9b7/s-code-contents-1c810d0a8a6777900f305b21d237ef98ad90a7c6.js, line 225: NS_ERROR_NOT_INITIALIZED: 
JavaScript error: resource://gre/modules/WebProgressChild.jsm, line 61: TypeError: this.mm.content is null
[Parent 6344, Gecko_IOThread] WARNING: pipe error: 109: file z:/build/build/src/ipc/chromium/src/chrome/common/ipc_channel_win.cc, line 332
[Parent 6344, Gecko_IOThread] WARNING: pipe error: 109: file z:/build/build/src/ipc/chromium/src/chrome/common/ipc_channel_win.cc, line 332
[Parent 6344, Gecko_IOThread] WARNING: pipe error: 109: file z:/build/build/src/ipc/chromium/src/chrome/common/ipc_channel_win.cc, line 332
[Parent 6344, Gecko_IOThread] WARNING: pipe error: 109: file z:/build/build/src/ipc/chromium/src/chrome/common/ipc_channel_win.cc, line 332
[Child 8588, Chrome_ChildThread] WARNING: pipe error: 109: file z:/build/build/src/ipc/chromium/src/chrome/common/ipc_channel_win.cc, line 332
[Child 8588, Chrome_ChildThread] WARNING: pipe error: 109: file z:/build/build/src/ipc/chromium/src/chrome/common/ipc_channel_win.cc, line 332
1556831913105	Marionette	INFO	Stopped listening on port 65193

###!!! [Child][RunMessage] Error: Channel closing: too late to send/recv, messages will be lost

[GPU 11012, Chrome_ChildThread] WARNING: pipe error: 109: file z:/build/build/src/ipc/chromium/src/chrome/common/ipc_channel_win.cc, line 332

###!!! [Child][MessageChannel::SendAndWait] Error: Channel error: cannot send/recv

